[2024-03-30T17:07:19.242+0000] {processor.py:161} INFO - Started process (PID=149) to work on /app/airflow/dags/airflow_code.py
[2024-03-30T17:07:19.246+0000] {processor.py:830} INFO - Processing file /app/airflow/dags/airflow_code.py for tasks to queue
[2024-03-30T17:07:19.255+0000] {logging_mixin.py:188} INFO - [2024-03-30T17:07:19.255+0000] {dagbag.py:540} INFO - Filling up the DagBag from /app/airflow/dags/airflow_code.py
[2024-03-30T17:07:19.284+0000] {processor.py:840} INFO - DAG(s) 'airflow_code' retrieved from /app/airflow/dags/airflow_code.py
[2024-03-30T17:07:19.513+0000] {logging_mixin.py:188} INFO - [2024-03-30T17:07:19.513+0000] {dag.py:3047} INFO - Sync 1 DAGs
[2024-03-30T17:07:19.548+0000] {logging_mixin.py:188} INFO - [2024-03-30T17:07:19.547+0000] {dag.py:3834} INFO - Setting next_dagrun for airflow_code to 2024-03-29 00:00:00+00:00, run_after=2024-03-30 00:00:00+00:00
[2024-03-30T17:07:19.576+0000] {processor.py:183} INFO - Processing /app/airflow/dags/airflow_code.py took 0.361 seconds
[2024-03-30T17:07:49.741+0000] {processor.py:161} INFO - Started process (PID=155) to work on /app/airflow/dags/airflow_code.py
[2024-03-30T17:07:49.743+0000] {processor.py:830} INFO - Processing file /app/airflow/dags/airflow_code.py for tasks to queue
[2024-03-30T17:07:49.744+0000] {logging_mixin.py:188} INFO - [2024-03-30T17:07:49.744+0000] {dagbag.py:540} INFO - Filling up the DagBag from /app/airflow/dags/airflow_code.py
[2024-03-30T17:07:49.762+0000] {processor.py:840} INFO - DAG(s) 'airflow_code' retrieved from /app/airflow/dags/airflow_code.py
[2024-03-30T17:07:49.896+0000] {logging_mixin.py:188} INFO - [2024-03-30T17:07:49.895+0000] {dag.py:3047} INFO - Sync 1 DAGs
[2024-03-30T17:07:49.922+0000] {logging_mixin.py:188} INFO - [2024-03-30T17:07:49.921+0000] {dag.py:3834} INFO - Setting next_dagrun for airflow_code to 2024-03-29 00:00:00+00:00, run_after=2024-03-30 00:00:00+00:00
[2024-03-30T17:07:49.942+0000] {processor.py:183} INFO - Processing /app/airflow/dags/airflow_code.py took 0.205 seconds
[2024-03-30T17:08:20.085+0000] {processor.py:161} INFO - Started process (PID=160) to work on /app/airflow/dags/airflow_code.py
[2024-03-30T17:08:20.090+0000] {processor.py:830} INFO - Processing file /app/airflow/dags/airflow_code.py for tasks to queue
[2024-03-30T17:08:20.092+0000] {logging_mixin.py:188} INFO - [2024-03-30T17:08:20.091+0000] {dagbag.py:540} INFO - Filling up the DagBag from /app/airflow/dags/airflow_code.py
[2024-03-30T17:08:20.109+0000] {processor.py:840} INFO - DAG(s) 'airflow_code' retrieved from /app/airflow/dags/airflow_code.py
[2024-03-30T17:08:20.147+0000] {logging_mixin.py:188} INFO - [2024-03-30T17:08:20.147+0000] {dag.py:3047} INFO - Sync 1 DAGs
[2024-03-30T17:08:20.175+0000] {logging_mixin.py:188} INFO - [2024-03-30T17:08:20.174+0000] {dag.py:3834} INFO - Setting next_dagrun for airflow_code to 2024-03-29 00:00:00+00:00, run_after=2024-03-30 00:00:00+00:00
[2024-03-30T17:08:20.194+0000] {processor.py:183} INFO - Processing /app/airflow/dags/airflow_code.py took 0.114 seconds
[2024-03-30T17:08:50.236+0000] {processor.py:161} INFO - Started process (PID=165) to work on /app/airflow/dags/airflow_code.py
[2024-03-30T17:08:50.237+0000] {processor.py:830} INFO - Processing file /app/airflow/dags/airflow_code.py for tasks to queue
[2024-03-30T17:08:50.239+0000] {logging_mixin.py:188} INFO - [2024-03-30T17:08:50.238+0000] {dagbag.py:540} INFO - Filling up the DagBag from /app/airflow/dags/airflow_code.py
[2024-03-30T17:08:50.258+0000] {processor.py:840} INFO - DAG(s) 'airflow_code' retrieved from /app/airflow/dags/airflow_code.py
[2024-03-30T17:08:50.305+0000] {logging_mixin.py:188} INFO - [2024-03-30T17:08:50.305+0000] {dag.py:3047} INFO - Sync 1 DAGs
[2024-03-30T17:08:50.339+0000] {logging_mixin.py:188} INFO - [2024-03-30T17:08:50.338+0000] {dag.py:3834} INFO - Setting next_dagrun for airflow_code to 2024-03-29 00:00:00+00:00, run_after=2024-03-30 00:00:00+00:00
[2024-03-30T17:08:50.360+0000] {processor.py:183} INFO - Processing /app/airflow/dags/airflow_code.py took 0.130 seconds
[2024-03-30T17:09:20.475+0000] {processor.py:161} INFO - Started process (PID=194) to work on /app/airflow/dags/airflow_code.py
[2024-03-30T17:09:20.480+0000] {processor.py:830} INFO - Processing file /app/airflow/dags/airflow_code.py for tasks to queue
[2024-03-30T17:09:20.484+0000] {logging_mixin.py:188} INFO - [2024-03-30T17:09:20.482+0000] {dagbag.py:540} INFO - Filling up the DagBag from /app/airflow/dags/airflow_code.py
[2024-03-30T17:09:20.504+0000] {processor.py:840} INFO - DAG(s) 'airflow_code' retrieved from /app/airflow/dags/airflow_code.py
[2024-03-30T17:09:20.549+0000] {logging_mixin.py:188} INFO - [2024-03-30T17:09:20.548+0000] {dag.py:3047} INFO - Sync 1 DAGs
[2024-03-30T17:09:20.579+0000] {logging_mixin.py:188} INFO - [2024-03-30T17:09:20.579+0000] {dag.py:3834} INFO - Setting next_dagrun for airflow_code to 2024-03-29 00:00:00+00:00, run_after=2024-03-30 00:00:00+00:00
[2024-03-30T17:09:20.607+0000] {processor.py:183} INFO - Processing /app/airflow/dags/airflow_code.py took 0.137 seconds
[2024-03-30T17:09:50.653+0000] {processor.py:161} INFO - Started process (PID=199) to work on /app/airflow/dags/airflow_code.py
[2024-03-30T17:09:50.654+0000] {processor.py:830} INFO - Processing file /app/airflow/dags/airflow_code.py for tasks to queue
[2024-03-30T17:09:50.656+0000] {logging_mixin.py:188} INFO - [2024-03-30T17:09:50.655+0000] {dagbag.py:540} INFO - Filling up the DagBag from /app/airflow/dags/airflow_code.py
[2024-03-30T17:09:50.676+0000] {processor.py:840} INFO - DAG(s) 'airflow_code' retrieved from /app/airflow/dags/airflow_code.py
[2024-03-30T17:09:50.723+0000] {logging_mixin.py:188} INFO - [2024-03-30T17:09:50.722+0000] {dag.py:3047} INFO - Sync 1 DAGs
[2024-03-30T17:09:50.756+0000] {logging_mixin.py:188} INFO - [2024-03-30T17:09:50.756+0000] {dag.py:3834} INFO - Setting next_dagrun for airflow_code to 2024-03-29 00:00:00+00:00, run_after=2024-03-30 00:00:00+00:00
[2024-03-30T17:09:50.779+0000] {processor.py:183} INFO - Processing /app/airflow/dags/airflow_code.py took 0.133 seconds
[2024-03-30T17:10:20.922+0000] {processor.py:161} INFO - Started process (PID=204) to work on /app/airflow/dags/airflow_code.py
[2024-03-30T17:10:20.926+0000] {processor.py:830} INFO - Processing file /app/airflow/dags/airflow_code.py for tasks to queue
[2024-03-30T17:10:20.927+0000] {logging_mixin.py:188} INFO - [2024-03-30T17:10:20.927+0000] {dagbag.py:540} INFO - Filling up the DagBag from /app/airflow/dags/airflow_code.py
[2024-03-30T17:10:20.947+0000] {processor.py:840} INFO - DAG(s) 'airflow_code' retrieved from /app/airflow/dags/airflow_code.py
[2024-03-30T17:10:20.991+0000] {logging_mixin.py:188} INFO - [2024-03-30T17:10:20.990+0000] {dag.py:3047} INFO - Sync 1 DAGs
[2024-03-30T17:10:21.021+0000] {logging_mixin.py:188} INFO - [2024-03-30T17:10:21.020+0000] {dag.py:3834} INFO - Setting next_dagrun for airflow_code to 2024-03-29 00:00:00+00:00, run_after=2024-03-30 00:00:00+00:00
[2024-03-30T17:10:21.042+0000] {processor.py:183} INFO - Processing /app/airflow/dags/airflow_code.py took 0.128 seconds
[2024-03-30T17:10:51.082+0000] {processor.py:161} INFO - Started process (PID=209) to work on /app/airflow/dags/airflow_code.py
[2024-03-30T17:10:51.083+0000] {processor.py:830} INFO - Processing file /app/airflow/dags/airflow_code.py for tasks to queue
[2024-03-30T17:10:51.084+0000] {logging_mixin.py:188} INFO - [2024-03-30T17:10:51.084+0000] {dagbag.py:540} INFO - Filling up the DagBag from /app/airflow/dags/airflow_code.py
[2024-03-30T17:10:51.101+0000] {processor.py:840} INFO - DAG(s) 'airflow_code' retrieved from /app/airflow/dags/airflow_code.py
[2024-03-30T17:10:51.142+0000] {logging_mixin.py:188} INFO - [2024-03-30T17:10:51.142+0000] {dag.py:3047} INFO - Sync 1 DAGs
[2024-03-30T17:10:51.173+0000] {logging_mixin.py:188} INFO - [2024-03-30T17:10:51.173+0000] {dag.py:3834} INFO - Setting next_dagrun for airflow_code to 2024-03-29 00:00:00+00:00, run_after=2024-03-30 00:00:00+00:00
[2024-03-30T17:10:51.197+0000] {processor.py:183} INFO - Processing /app/airflow/dags/airflow_code.py took 0.121 seconds
[2024-03-30T17:11:21.371+0000] {processor.py:161} INFO - Started process (PID=214) to work on /app/airflow/dags/airflow_code.py
[2024-03-30T17:11:21.374+0000] {processor.py:830} INFO - Processing file /app/airflow/dags/airflow_code.py for tasks to queue
[2024-03-30T17:11:21.376+0000] {logging_mixin.py:188} INFO - [2024-03-30T17:11:21.375+0000] {dagbag.py:540} INFO - Filling up the DagBag from /app/airflow/dags/airflow_code.py
[2024-03-30T17:11:21.405+0000] {processor.py:840} INFO - DAG(s) 'airflow_code' retrieved from /app/airflow/dags/airflow_code.py
[2024-03-30T17:11:21.447+0000] {logging_mixin.py:188} INFO - [2024-03-30T17:11:21.447+0000] {dag.py:3047} INFO - Sync 1 DAGs
[2024-03-30T17:11:21.476+0000] {logging_mixin.py:188} INFO - [2024-03-30T17:11:21.475+0000] {dag.py:3834} INFO - Setting next_dagrun for airflow_code to 2024-03-29 00:00:00+00:00, run_after=2024-03-30 00:00:00+00:00
[2024-03-30T17:11:21.497+0000] {processor.py:183} INFO - Processing /app/airflow/dags/airflow_code.py took 0.131 seconds
[2024-03-30T17:11:51.645+0000] {processor.py:161} INFO - Started process (PID=219) to work on /app/airflow/dags/airflow_code.py
[2024-03-30T17:11:51.647+0000] {processor.py:830} INFO - Processing file /app/airflow/dags/airflow_code.py for tasks to queue
[2024-03-30T17:11:51.649+0000] {logging_mixin.py:188} INFO - [2024-03-30T17:11:51.648+0000] {dagbag.py:540} INFO - Filling up the DagBag from /app/airflow/dags/airflow_code.py
[2024-03-30T17:11:51.668+0000] {processor.py:840} INFO - DAG(s) 'airflow_code' retrieved from /app/airflow/dags/airflow_code.py
[2024-03-30T17:11:51.712+0000] {logging_mixin.py:188} INFO - [2024-03-30T17:11:51.712+0000] {dag.py:3047} INFO - Sync 1 DAGs
[2024-03-30T17:11:51.744+0000] {logging_mixin.py:188} INFO - [2024-03-30T17:11:51.743+0000] {dag.py:3834} INFO - Setting next_dagrun for airflow_code to 2024-03-29 00:00:00+00:00, run_after=2024-03-30 00:00:00+00:00
[2024-03-30T17:11:51.768+0000] {processor.py:183} INFO - Processing /app/airflow/dags/airflow_code.py took 0.128 seconds
[2024-03-30T17:12:21.818+0000] {processor.py:161} INFO - Started process (PID=224) to work on /app/airflow/dags/airflow_code.py
[2024-03-30T17:12:21.820+0000] {processor.py:830} INFO - Processing file /app/airflow/dags/airflow_code.py for tasks to queue
[2024-03-30T17:12:21.822+0000] {logging_mixin.py:188} INFO - [2024-03-30T17:12:21.821+0000] {dagbag.py:540} INFO - Filling up the DagBag from /app/airflow/dags/airflow_code.py
[2024-03-30T17:12:21.840+0000] {processor.py:840} INFO - DAG(s) 'airflow_code' retrieved from /app/airflow/dags/airflow_code.py
[2024-03-30T17:12:21.881+0000] {logging_mixin.py:188} INFO - [2024-03-30T17:12:21.881+0000] {dag.py:3047} INFO - Sync 1 DAGs
[2024-03-30T17:12:21.914+0000] {logging_mixin.py:188} INFO - [2024-03-30T17:12:21.913+0000] {dag.py:3834} INFO - Setting next_dagrun for airflow_code to 2024-03-29 00:00:00+00:00, run_after=2024-03-30 00:00:00+00:00
[2024-03-30T17:12:21.934+0000] {processor.py:183} INFO - Processing /app/airflow/dags/airflow_code.py took 0.120 seconds
[2024-03-30T17:12:52.056+0000] {processor.py:161} INFO - Started process (PID=229) to work on /app/airflow/dags/airflow_code.py
[2024-03-30T17:12:52.057+0000] {processor.py:830} INFO - Processing file /app/airflow/dags/airflow_code.py for tasks to queue
[2024-03-30T17:12:52.058+0000] {logging_mixin.py:188} INFO - [2024-03-30T17:12:52.058+0000] {dagbag.py:540} INFO - Filling up the DagBag from /app/airflow/dags/airflow_code.py
[2024-03-30T17:12:52.075+0000] {processor.py:840} INFO - DAG(s) 'airflow_code' retrieved from /app/airflow/dags/airflow_code.py
[2024-03-30T17:12:52.113+0000] {logging_mixin.py:188} INFO - [2024-03-30T17:12:52.113+0000] {dag.py:3047} INFO - Sync 1 DAGs
[2024-03-30T17:12:52.141+0000] {logging_mixin.py:188} INFO - [2024-03-30T17:12:52.141+0000] {dag.py:3834} INFO - Setting next_dagrun for airflow_code to 2024-03-29 00:00:00+00:00, run_after=2024-03-30 00:00:00+00:00
[2024-03-30T17:12:52.161+0000] {processor.py:183} INFO - Processing /app/airflow/dags/airflow_code.py took 0.111 seconds
[2024-03-30T17:13:22.220+0000] {processor.py:161} INFO - Started process (PID=234) to work on /app/airflow/dags/airflow_code.py
[2024-03-30T17:13:22.222+0000] {processor.py:830} INFO - Processing file /app/airflow/dags/airflow_code.py for tasks to queue
[2024-03-30T17:13:22.223+0000] {logging_mixin.py:188} INFO - [2024-03-30T17:13:22.223+0000] {dagbag.py:540} INFO - Filling up the DagBag from /app/airflow/dags/airflow_code.py
[2024-03-30T17:13:22.244+0000] {processor.py:840} INFO - DAG(s) 'airflow_code' retrieved from /app/airflow/dags/airflow_code.py
[2024-03-30T17:13:22.294+0000] {logging_mixin.py:188} INFO - [2024-03-30T17:13:22.294+0000] {dag.py:3047} INFO - Sync 1 DAGs
[2024-03-30T17:13:22.327+0000] {logging_mixin.py:188} INFO - [2024-03-30T17:13:22.326+0000] {dag.py:3834} INFO - Setting next_dagrun for airflow_code to 2024-03-29 00:00:00+00:00, run_after=2024-03-30 00:00:00+00:00
[2024-03-30T17:13:22.351+0000] {processor.py:183} INFO - Processing /app/airflow/dags/airflow_code.py took 0.137 seconds
[2024-03-30T17:13:52.441+0000] {processor.py:161} INFO - Started process (PID=239) to work on /app/airflow/dags/airflow_code.py
[2024-03-30T17:13:52.442+0000] {processor.py:830} INFO - Processing file /app/airflow/dags/airflow_code.py for tasks to queue
[2024-03-30T17:13:52.444+0000] {logging_mixin.py:188} INFO - [2024-03-30T17:13:52.443+0000] {dagbag.py:540} INFO - Filling up the DagBag from /app/airflow/dags/airflow_code.py
[2024-03-30T17:13:52.462+0000] {processor.py:840} INFO - DAG(s) 'airflow_code' retrieved from /app/airflow/dags/airflow_code.py
[2024-03-30T17:13:52.505+0000] {logging_mixin.py:188} INFO - [2024-03-30T17:13:52.505+0000] {dag.py:3047} INFO - Sync 1 DAGs
[2024-03-30T17:13:52.535+0000] {logging_mixin.py:188} INFO - [2024-03-30T17:13:52.535+0000] {dag.py:3834} INFO - Setting next_dagrun for airflow_code to 2024-03-29 00:00:00+00:00, run_after=2024-03-30 00:00:00+00:00
[2024-03-30T17:13:52.555+0000] {processor.py:183} INFO - Processing /app/airflow/dags/airflow_code.py took 0.119 seconds
[2024-03-30T17:14:22.634+0000] {processor.py:161} INFO - Started process (PID=244) to work on /app/airflow/dags/airflow_code.py
[2024-03-30T17:14:22.635+0000] {processor.py:830} INFO - Processing file /app/airflow/dags/airflow_code.py for tasks to queue
[2024-03-30T17:14:22.636+0000] {logging_mixin.py:188} INFO - [2024-03-30T17:14:22.636+0000] {dagbag.py:540} INFO - Filling up the DagBag from /app/airflow/dags/airflow_code.py
[2024-03-30T17:14:22.654+0000] {processor.py:840} INFO - DAG(s) 'airflow_code' retrieved from /app/airflow/dags/airflow_code.py
[2024-03-30T17:14:22.697+0000] {logging_mixin.py:188} INFO - [2024-03-30T17:14:22.696+0000] {dag.py:3047} INFO - Sync 1 DAGs
[2024-03-30T17:14:22.726+0000] {logging_mixin.py:188} INFO - [2024-03-30T17:14:22.726+0000] {dag.py:3834} INFO - Setting next_dagrun for airflow_code to 2024-03-29 00:00:00+00:00, run_after=2024-03-30 00:00:00+00:00
[2024-03-30T17:14:22.748+0000] {processor.py:183} INFO - Processing /app/airflow/dags/airflow_code.py took 0.119 seconds
[2024-03-30T17:14:52.836+0000] {processor.py:161} INFO - Started process (PID=249) to work on /app/airflow/dags/airflow_code.py
[2024-03-30T17:14:52.840+0000] {processor.py:830} INFO - Processing file /app/airflow/dags/airflow_code.py for tasks to queue
[2024-03-30T17:14:52.841+0000] {logging_mixin.py:188} INFO - [2024-03-30T17:14:52.841+0000] {dagbag.py:540} INFO - Filling up the DagBag from /app/airflow/dags/airflow_code.py
[2024-03-30T17:14:52.858+0000] {processor.py:840} INFO - DAG(s) 'airflow_code' retrieved from /app/airflow/dags/airflow_code.py
[2024-03-30T17:14:52.901+0000] {logging_mixin.py:188} INFO - [2024-03-30T17:14:52.901+0000] {dag.py:3047} INFO - Sync 1 DAGs
[2024-03-30T17:14:52.930+0000] {logging_mixin.py:188} INFO - [2024-03-30T17:14:52.929+0000] {dag.py:3834} INFO - Setting next_dagrun for airflow_code to 2024-03-29 00:00:00+00:00, run_after=2024-03-30 00:00:00+00:00
[2024-03-30T17:14:52.948+0000] {processor.py:183} INFO - Processing /app/airflow/dags/airflow_code.py took 0.116 seconds
[2024-03-30T17:15:23.031+0000] {processor.py:161} INFO - Started process (PID=254) to work on /app/airflow/dags/airflow_code.py
[2024-03-30T17:15:23.033+0000] {processor.py:830} INFO - Processing file /app/airflow/dags/airflow_code.py for tasks to queue
[2024-03-30T17:15:23.034+0000] {logging_mixin.py:188} INFO - [2024-03-30T17:15:23.034+0000] {dagbag.py:540} INFO - Filling up the DagBag from /app/airflow/dags/airflow_code.py
[2024-03-30T17:15:23.055+0000] {processor.py:840} INFO - DAG(s) 'airflow_code' retrieved from /app/airflow/dags/airflow_code.py
[2024-03-30T17:15:23.104+0000] {logging_mixin.py:188} INFO - [2024-03-30T17:15:23.104+0000] {dag.py:3047} INFO - Sync 1 DAGs
[2024-03-30T17:15:23.136+0000] {logging_mixin.py:188} INFO - [2024-03-30T17:15:23.135+0000] {dag.py:3834} INFO - Setting next_dagrun for airflow_code to 2024-03-29 00:00:00+00:00, run_after=2024-03-30 00:00:00+00:00
[2024-03-30T17:15:23.159+0000] {processor.py:183} INFO - Processing /app/airflow/dags/airflow_code.py took 0.134 seconds
[2024-03-30T17:15:53.228+0000] {processor.py:161} INFO - Started process (PID=259) to work on /app/airflow/dags/airflow_code.py
[2024-03-30T17:15:53.232+0000] {processor.py:830} INFO - Processing file /app/airflow/dags/airflow_code.py for tasks to queue
[2024-03-30T17:15:53.235+0000] {logging_mixin.py:188} INFO - [2024-03-30T17:15:53.234+0000] {dagbag.py:540} INFO - Filling up the DagBag from /app/airflow/dags/airflow_code.py
[2024-03-30T17:15:53.254+0000] {processor.py:840} INFO - DAG(s) 'airflow_code' retrieved from /app/airflow/dags/airflow_code.py
[2024-03-30T17:15:53.297+0000] {logging_mixin.py:188} INFO - [2024-03-30T17:15:53.297+0000] {dag.py:3047} INFO - Sync 1 DAGs
[2024-03-30T17:15:53.325+0000] {logging_mixin.py:188} INFO - [2024-03-30T17:15:53.325+0000] {dag.py:3834} INFO - Setting next_dagrun for airflow_code to 2024-03-29 00:00:00+00:00, run_after=2024-03-30 00:00:00+00:00
[2024-03-30T17:15:53.345+0000] {processor.py:183} INFO - Processing /app/airflow/dags/airflow_code.py took 0.123 seconds
[2024-03-30T17:16:23.448+0000] {processor.py:161} INFO - Started process (PID=264) to work on /app/airflow/dags/airflow_code.py
[2024-03-30T17:16:23.449+0000] {processor.py:830} INFO - Processing file /app/airflow/dags/airflow_code.py for tasks to queue
[2024-03-30T17:16:23.451+0000] {logging_mixin.py:188} INFO - [2024-03-30T17:16:23.450+0000] {dagbag.py:540} INFO - Filling up the DagBag from /app/airflow/dags/airflow_code.py
[2024-03-30T17:16:23.479+0000] {processor.py:840} INFO - DAG(s) 'airflow_code' retrieved from /app/airflow/dags/airflow_code.py
[2024-03-30T17:16:23.533+0000] {logging_mixin.py:188} INFO - [2024-03-30T17:16:23.532+0000] {dag.py:3047} INFO - Sync 1 DAGs
[2024-03-30T17:16:23.564+0000] {logging_mixin.py:188} INFO - [2024-03-30T17:16:23.563+0000] {dag.py:3834} INFO - Setting next_dagrun for airflow_code to 2024-03-29 00:00:00+00:00, run_after=2024-03-30 00:00:00+00:00
[2024-03-30T17:16:23.587+0000] {processor.py:183} INFO - Processing /app/airflow/dags/airflow_code.py took 0.146 seconds
[2024-03-30T17:16:53.628+0000] {processor.py:161} INFO - Started process (PID=269) to work on /app/airflow/dags/airflow_code.py
[2024-03-30T17:16:53.631+0000] {processor.py:830} INFO - Processing file /app/airflow/dags/airflow_code.py for tasks to queue
[2024-03-30T17:16:53.633+0000] {logging_mixin.py:188} INFO - [2024-03-30T17:16:53.632+0000] {dagbag.py:540} INFO - Filling up the DagBag from /app/airflow/dags/airflow_code.py
[2024-03-30T17:16:53.652+0000] {processor.py:840} INFO - DAG(s) 'airflow_code' retrieved from /app/airflow/dags/airflow_code.py
[2024-03-30T17:16:53.697+0000] {logging_mixin.py:188} INFO - [2024-03-30T17:16:53.697+0000] {dag.py:3047} INFO - Sync 1 DAGs
[2024-03-30T17:16:53.739+0000] {logging_mixin.py:188} INFO - [2024-03-30T17:16:53.739+0000] {dag.py:3834} INFO - Setting next_dagrun for airflow_code to 2024-03-29 00:00:00+00:00, run_after=2024-03-30 00:00:00+00:00
[2024-03-30T17:16:53.771+0000] {processor.py:183} INFO - Processing /app/airflow/dags/airflow_code.py took 0.148 seconds
[2024-03-30T17:17:23.890+0000] {processor.py:161} INFO - Started process (PID=274) to work on /app/airflow/dags/airflow_code.py
[2024-03-30T17:17:23.893+0000] {processor.py:830} INFO - Processing file /app/airflow/dags/airflow_code.py for tasks to queue
[2024-03-30T17:17:23.895+0000] {logging_mixin.py:188} INFO - [2024-03-30T17:17:23.894+0000] {dagbag.py:540} INFO - Filling up the DagBag from /app/airflow/dags/airflow_code.py
[2024-03-30T17:17:23.915+0000] {processor.py:840} INFO - DAG(s) 'airflow_code' retrieved from /app/airflow/dags/airflow_code.py
[2024-03-30T17:17:23.954+0000] {logging_mixin.py:188} INFO - [2024-03-30T17:17:23.954+0000] {dag.py:3047} INFO - Sync 1 DAGs
[2024-03-30T17:17:23.983+0000] {logging_mixin.py:188} INFO - [2024-03-30T17:17:23.982+0000] {dag.py:3834} INFO - Setting next_dagrun for airflow_code to 2024-03-29 00:00:00+00:00, run_after=2024-03-30 00:00:00+00:00
[2024-03-30T17:17:24.007+0000] {processor.py:183} INFO - Processing /app/airflow/dags/airflow_code.py took 0.122 seconds
[2024-03-30T17:17:54.059+0000] {processor.py:161} INFO - Started process (PID=279) to work on /app/airflow/dags/airflow_code.py
[2024-03-30T17:17:54.065+0000] {processor.py:830} INFO - Processing file /app/airflow/dags/airflow_code.py for tasks to queue
[2024-03-30T17:17:54.066+0000] {logging_mixin.py:188} INFO - [2024-03-30T17:17:54.066+0000] {dagbag.py:540} INFO - Filling up the DagBag from /app/airflow/dags/airflow_code.py
[2024-03-30T17:17:54.084+0000] {processor.py:840} INFO - DAG(s) 'airflow_code' retrieved from /app/airflow/dags/airflow_code.py
[2024-03-30T17:17:54.125+0000] {logging_mixin.py:188} INFO - [2024-03-30T17:17:54.125+0000] {dag.py:3047} INFO - Sync 1 DAGs
[2024-03-30T17:17:54.155+0000] {logging_mixin.py:188} INFO - [2024-03-30T17:17:54.154+0000] {dag.py:3834} INFO - Setting next_dagrun for airflow_code to 2024-03-29 00:00:00+00:00, run_after=2024-03-30 00:00:00+00:00
[2024-03-30T17:17:54.174+0000] {processor.py:183} INFO - Processing /app/airflow/dags/airflow_code.py took 0.120 seconds
