[2024-03-28 18:30:48,888] {manager.py:480} INFO - Processing files using up to 2 processes at a time 
[2024-03-28 18:30:48,889] {manager.py:481} INFO - Process each file at most once every 30 seconds
[2024-03-28 18:30:48,890] {manager.py:482} INFO - Checking for new files in /app/airflow/dags every 300 seconds
[2024-03-28 18:30:48,891] {manager.py:690} INFO - Searching for files in /app/airflow/dags
[2024-03-28 18:30:48,897] {manager.py:693} INFO - There are 1 files in /app/airflow/dags
[2024-03-28 18:30:49,107] {manager.py:809} INFO - 
================================================================================
DAG File Processing Stats

File Path                            PID  Runtime      # DAGs    # Errors  Last Runtime    Last Run
---------------------------------  -----  ---------  --------  ----------  --------------  ----------
/app/airflow/dags/airflow_code.py    154  0.09s             0           0
================================================================================
[2024-03-28 18:31:19,166] {manager.py:809} INFO - 
================================================================================
DAG File Processing Stats

File Path                          PID    Runtime      # DAGs    # Errors  Last Runtime    Last Run
---------------------------------  -----  ---------  --------  ----------  --------------  -------------------
/app/airflow/dags/airflow_code.py                           1           0  0.50s           2024-03-28T18:30:49
================================================================================
[2024-03-28 18:31:49,638] {manager.py:809} INFO - 
================================================================================
DAG File Processing Stats

File Path                          PID    Runtime      # DAGs    # Errors  Last Runtime    Last Run
---------------------------------  -----  ---------  --------  ----------  --------------  -------------------
/app/airflow/dags/airflow_code.py                           1           0  0.12s           2024-03-28T18:31:19
================================================================================
[2024-03-28 18:32:19,796] {manager.py:809} INFO - 
================================================================================
DAG File Processing Stats

File Path                          PID    Runtime      # DAGs    # Errors  Last Runtime    Last Run
---------------------------------  -----  ---------  --------  ----------  --------------  -------------------
/app/airflow/dags/airflow_code.py                           1           0  0.13s           2024-03-28T18:31:49
================================================================================
[2024-03-28 18:32:49,968] {manager.py:809} INFO - 
================================================================================
DAG File Processing Stats

File Path                          PID    Runtime      # DAGs    # Errors  Last Runtime    Last Run
---------------------------------  -----  ---------  --------  ----------  --------------  -------------------
/app/airflow/dags/airflow_code.py                           1           0  0.14s           2024-03-28T18:32:20
================================================================================
[2024-03-28 18:33:20,152] {manager.py:809} INFO - 
================================================================================
DAG File Processing Stats

File Path                          PID    Runtime      # DAGs    # Errors  Last Runtime    Last Run
---------------------------------  -----  ---------  --------  ----------  --------------  -------------------
/app/airflow/dags/airflow_code.py                           1           0  0.12s           2024-03-28T18:32:50
================================================================================
[2024-03-28 18:33:50,321] {manager.py:809} INFO - 
================================================================================
DAG File Processing Stats

File Path                          PID    Runtime      # DAGs    # Errors  Last Runtime    Last Run
---------------------------------  -----  ---------  --------  ----------  --------------  -------------------
/app/airflow/dags/airflow_code.py                           1           0  0.13s           2024-03-28T18:33:20
================================================================================
[2024-03-28 18:34:20,487] {manager.py:809} INFO - 
================================================================================
DAG File Processing Stats

File Path                          PID    Runtime      # DAGs    # Errors  Last Runtime    Last Run
---------------------------------  -----  ---------  --------  ----------  --------------  -------------------
/app/airflow/dags/airflow_code.py                           1           0  0.11s           2024-03-28T18:33:50
================================================================================
[2024-03-28 18:34:50,655] {manager.py:809} INFO - 
================================================================================
DAG File Processing Stats

File Path                          PID    Runtime      # DAGs    # Errors  Last Runtime    Last Run
---------------------------------  -----  ---------  --------  ----------  --------------  -------------------
/app/airflow/dags/airflow_code.py                           1           0  0.11s           2024-03-28T18:34:20
================================================================================
[2024-03-28 18:35:20,818] {manager.py:809} INFO - 
================================================================================
DAG File Processing Stats

File Path                          PID    Runtime      # DAGs    # Errors  Last Runtime    Last Run
---------------------------------  -----  ---------  --------  ----------  --------------  -------------------
/app/airflow/dags/airflow_code.py                           1           0  0.20s           2024-03-28T18:34:50
================================================================================
[2024-03-28 18:35:49,048] {manager.py:690} INFO - Searching for files in /app/airflow/dags
[2024-03-28 18:35:49,050] {manager.py:693} INFO - There are 1 files in /app/airflow/dags
[2024-03-28 18:35:51,072] {manager.py:809} INFO - 
================================================================================
DAG File Processing Stats

File Path                          PID    Runtime      # DAGs    # Errors  Last Runtime    Last Run
---------------------------------  -----  ---------  --------  ----------  --------------  -------------------
/app/airflow/dags/airflow_code.py                           1           0  0.24s           2024-03-28T18:35:21
================================================================================
[2024-03-28 18:36:21,351] {manager.py:809} INFO - 
================================================================================
DAG File Processing Stats

File Path                          PID    Runtime      # DAGs    # Errors  Last Runtime    Last Run
---------------------------------  -----  ---------  --------  ----------  --------------  -------------------
/app/airflow/dags/airflow_code.py                           1           0  0.20s           2024-03-28T18:35:51
================================================================================
[2024-03-28 18:36:51,593] {manager.py:809} INFO - 
================================================================================
DAG File Processing Stats

File Path                          PID    Runtime      # DAGs    # Errors  Last Runtime    Last Run
---------------------------------  -----  ---------  --------  ----------  --------------  -------------------
/app/airflow/dags/airflow_code.py                           1           0  0.19s           2024-03-28T18:36:21
================================================================================
[2024-03-28 18:37:21,824] {manager.py:809} INFO - 
================================================================================
DAG File Processing Stats

File Path                          PID    Runtime      # DAGs    # Errors  Last Runtime    Last Run
---------------------------------  -----  ---------  --------  ----------  --------------  -------------------
/app/airflow/dags/airflow_code.py                           1           0  0.20s           2024-03-28T18:36:51
================================================================================
[2024-03-28 18:37:52,100] {manager.py:809} INFO - 
================================================================================
DAG File Processing Stats

File Path                          PID    Runtime      # DAGs    # Errors  Last Runtime    Last Run
---------------------------------  -----  ---------  --------  ----------  --------------  -------------------
/app/airflow/dags/airflow_code.py                           1           0  0.19s           2024-03-28T18:37:22
================================================================================
[2024-03-28 18:38:22,323] {manager.py:809} INFO - 
================================================================================
DAG File Processing Stats

File Path                          PID    Runtime      # DAGs    # Errors  Last Runtime    Last Run
---------------------------------  -----  ---------  --------  ----------  --------------  -------------------
/app/airflow/dags/airflow_code.py                           1           0  0.66s           2024-03-28T18:37:52
================================================================================
[2024-03-28 18:38:53,049] {manager.py:809} INFO - 
================================================================================
DAG File Processing Stats

File Path                          PID    Runtime      # DAGs    # Errors  Last Runtime    Last Run
---------------------------------  -----  ---------  --------  ----------  --------------  -------------------
/app/airflow/dags/airflow_code.py                           1           0  0.22s           2024-03-28T18:38:23
================================================================================
[2024-03-28 18:39:23,310] {manager.py:809} INFO - 
================================================================================
DAG File Processing Stats

File Path                          PID    Runtime      # DAGs    # Errors  Last Runtime    Last Run
---------------------------------  -----  ---------  --------  ----------  --------------  -------------------
/app/airflow/dags/airflow_code.py                           1           0  0.26s           2024-03-28T18:38:53
================================================================================
[2024-03-28 18:39:53,630] {manager.py:809} INFO - 
================================================================================
DAG File Processing Stats

File Path                          PID    Runtime      # DAGs    # Errors  Last Runtime    Last Run
---------------------------------  -----  ---------  --------  ----------  --------------  -------------------
/app/airflow/dags/airflow_code.py                           1           0  0.29s           2024-03-28T18:39:23
================================================================================
[2024-03-28 18:40:23,970] {manager.py:809} INFO - 
================================================================================
DAG File Processing Stats

File Path                          PID    Runtime      # DAGs    # Errors  Last Runtime    Last Run
---------------------------------  -----  ---------  --------  ----------  --------------  -------------------
/app/airflow/dags/airflow_code.py                           1           0  0.28s           2024-03-28T18:39:54
================================================================================
[2024-03-28 18:40:49,289] {manager.py:690} INFO - Searching for files in /app/airflow/dags
[2024-03-28 18:40:49,291] {manager.py:693} INFO - There are 1 files in /app/airflow/dags
[2024-03-28 18:40:54,325] {manager.py:809} INFO - 
================================================================================
DAG File Processing Stats

File Path                          PID    Runtime      # DAGs    # Errors  Last Runtime    Last Run
---------------------------------  -----  ---------  --------  ----------  --------------  -------------------
/app/airflow/dags/airflow_code.py                           1           0  0.28s           2024-03-28T18:40:24
================================================================================
[2024-03-28 18:41:24,630] {manager.py:809} INFO - 
================================================================================
DAG File Processing Stats

File Path                          PID    Runtime      # DAGs    # Errors  Last Runtime    Last Run
---------------------------------  -----  ---------  --------  ----------  --------------  -------------------
/app/airflow/dags/airflow_code.py                           1           0  0.25s           2024-03-28T18:40:54
================================================================================
[2024-03-28 18:41:54,934] {manager.py:809} INFO - 
================================================================================
DAG File Processing Stats

File Path                          PID    Runtime      # DAGs    # Errors  Last Runtime    Last Run
---------------------------------  -----  ---------  --------  ----------  --------------  -------------------
/app/airflow/dags/airflow_code.py                           1           0  0.27s           2024-03-28T18:41:25
================================================================================
[2024-03-28 18:42:25,264] {manager.py:809} INFO - 
================================================================================
DAG File Processing Stats

File Path                          PID    Runtime      # DAGs    # Errors  Last Runtime    Last Run
---------------------------------  -----  ---------  --------  ----------  --------------  -------------------
/app/airflow/dags/airflow_code.py                           1           0  0.25s           2024-03-28T18:41:55
================================================================================
[2024-03-28 18:42:55,570] {manager.py:809} INFO - 
================================================================================
DAG File Processing Stats

File Path                          PID    Runtime      # DAGs    # Errors  Last Runtime    Last Run
---------------------------------  -----  ---------  --------  ----------  --------------  -------------------
/app/airflow/dags/airflow_code.py                           1           0  0.34s           2024-03-28T18:42:25
================================================================================
[2024-03-28 18:43:25,963] {manager.py:809} INFO - 
================================================================================
DAG File Processing Stats

File Path                          PID    Runtime      # DAGs    # Errors  Last Runtime    Last Run
---------------------------------  -----  ---------  --------  ----------  --------------  -------------------
/app/airflow/dags/airflow_code.py                           1           0  0.31s           2024-03-28T18:42:56
================================================================================
[2024-03-28 18:43:56,332] {manager.py:809} INFO - 
================================================================================
DAG File Processing Stats

File Path                          PID    Runtime      # DAGs    # Errors  Last Runtime    Last Run
---------------------------------  -----  ---------  --------  ----------  --------------  -------------------
/app/airflow/dags/airflow_code.py                           1           0  0.30s           2024-03-28T18:43:26
================================================================================
[2024-03-28 18:44:26,689] {manager.py:809} INFO - 
================================================================================
DAG File Processing Stats

File Path                          PID    Runtime      # DAGs    # Errors  Last Runtime    Last Run
---------------------------------  -----  ---------  --------  ----------  --------------  -------------------
/app/airflow/dags/airflow_code.py                           1           0  0.24s           2024-03-28T18:43:56
================================================================================
[2024-03-28 18:44:56,978] {manager.py:809} INFO - 
================================================================================
DAG File Processing Stats

File Path                          PID    Runtime      # DAGs    # Errors  Last Runtime    Last Run
---------------------------------  -----  ---------  --------  ----------  --------------  -------------------
/app/airflow/dags/airflow_code.py                           1           0  0.22s           2024-03-28T18:44:27
================================================================================
[2024-03-28 18:45:27,270] {manager.py:809} INFO - 
================================================================================
DAG File Processing Stats

File Path                          PID    Runtime      # DAGs    # Errors  Last Runtime    Last Run
---------------------------------  -----  ---------  --------  ----------  --------------  -------------------
/app/airflow/dags/airflow_code.py                           1           0  0.37s           2024-03-28T18:44:57
================================================================================
[2024-03-28 18:45:49,649] {manager.py:690} INFO - Searching for files in /app/airflow/dags
[2024-03-28 18:45:49,651] {manager.py:693} INFO - There are 1 files in /app/airflow/dags
[2024-03-28 18:45:57,689] {manager.py:809} INFO - 
================================================================================
DAG File Processing Stats

File Path                          PID    Runtime      # DAGs    # Errors  Last Runtime    Last Run
---------------------------------  -----  ---------  --------  ----------  --------------  -------------------
/app/airflow/dags/airflow_code.py                           1           0  0.26s           2024-03-28T18:45:27
================================================================================
[2024-03-28 18:46:28,006] {manager.py:809} INFO - 
================================================================================
DAG File Processing Stats

File Path                          PID    Runtime      # DAGs    # Errors  Last Runtime    Last Run
---------------------------------  -----  ---------  --------  ----------  --------------  -------------------
/app/airflow/dags/airflow_code.py                           1           0  0.66s           2024-03-28T18:45:58
================================================================================
[2024-03-28 18:46:58,714] {manager.py:809} INFO - 
================================================================================
DAG File Processing Stats

File Path                          PID    Runtime      # DAGs    # Errors  Last Runtime    Last Run
---------------------------------  -----  ---------  --------  ----------  --------------  -------------------
/app/airflow/dags/airflow_code.py                           1           0  0.25s           2024-03-28T18:46:28
================================================================================
[2024-03-28 18:47:29,019] {manager.py:809} INFO - 
================================================================================
DAG File Processing Stats

File Path                          PID    Runtime      # DAGs    # Errors  Last Runtime    Last Run
---------------------------------  -----  ---------  --------  ----------  --------------  -------------------
/app/airflow/dags/airflow_code.py                           1           0  0.24s           2024-03-28T18:46:59
================================================================================
[2024-03-28 18:47:59,314] {manager.py:809} INFO - 
================================================================================
DAG File Processing Stats

File Path                          PID    Runtime      # DAGs    # Errors  Last Runtime    Last Run
---------------------------------  -----  ---------  --------  ----------  --------------  -------------------
/app/airflow/dags/airflow_code.py                           1           0  0.27s           2024-03-28T18:47:29
================================================================================
[2024-03-28 18:48:29,630] {manager.py:809} INFO - 
================================================================================
DAG File Processing Stats

File Path                          PID    Runtime      # DAGs    # Errors  Last Runtime    Last Run
---------------------------------  -----  ---------  --------  ----------  --------------  -------------------
/app/airflow/dags/airflow_code.py                           1           0  0.28s           2024-03-28T18:47:59
================================================================================
[2024-03-28 18:48:59,974] {manager.py:809} INFO - 
================================================================================
DAG File Processing Stats

File Path                          PID    Runtime      # DAGs    # Errors  Last Runtime    Last Run
---------------------------------  -----  ---------  --------  ----------  --------------  -------------------
/app/airflow/dags/airflow_code.py                           1           0  0.24s           2024-03-28T18:48:30
================================================================================
[2024-03-28 18:49:30,264] {manager.py:809} INFO - 
================================================================================
DAG File Processing Stats

File Path                          PID    Runtime      # DAGs    # Errors  Last Runtime    Last Run
---------------------------------  -----  ---------  --------  ----------  --------------  -------------------
/app/airflow/dags/airflow_code.py                           1           0  0.34s           2024-03-28T18:49:00
================================================================================
[2024-03-28 18:50:00,652] {manager.py:809} INFO - 
================================================================================
DAG File Processing Stats

File Path                          PID    Runtime      # DAGs    # Errors  Last Runtime    Last Run
---------------------------------  -----  ---------  --------  ----------  --------------  -------------------
/app/airflow/dags/airflow_code.py                           1           0  0.27s           2024-03-28T18:49:30
================================================================================
[2024-03-28 18:50:30,960] {manager.py:809} INFO - 
================================================================================
DAG File Processing Stats

File Path                          PID    Runtime      # DAGs    # Errors  Last Runtime    Last Run
---------------------------------  -----  ---------  --------  ----------  --------------  -------------------
/app/airflow/dags/airflow_code.py                           1           0  0.24s           2024-03-28T18:50:01
================================================================================
[2024-03-28 18:50:50,232] {manager.py:690} INFO - Searching for files in /app/airflow/dags
[2024-03-28 18:50:50,234] {manager.py:693} INFO - There are 1 files in /app/airflow/dags
[2024-03-28 18:51:01,285] {manager.py:809} INFO - 
================================================================================
DAG File Processing Stats

File Path                          PID    Runtime      # DAGs    # Errors  Last Runtime    Last Run
---------------------------------  -----  ---------  --------  ----------  --------------  -------------------
/app/airflow/dags/airflow_code.py                           1           0  0.29s           2024-03-28T18:50:31
================================================================================
[2024-03-28 18:51:31,594] {manager.py:809} INFO - 
================================================================================
DAG File Processing Stats

File Path                          PID    Runtime      # DAGs    # Errors  Last Runtime    Last Run
---------------------------------  -----  ---------  --------  ----------  --------------  -------------------
/app/airflow/dags/airflow_code.py                           1           0  0.27s           2024-03-28T18:51:01
================================================================================
[2024-03-28 18:52:01,957] {manager.py:809} INFO - 
================================================================================
DAG File Processing Stats

File Path                          PID    Runtime      # DAGs    # Errors  Last Runtime    Last Run
---------------------------------  -----  ---------  --------  ----------  --------------  -------------------
/app/airflow/dags/airflow_code.py                           1           0  0.25s           2024-03-28T18:51:32
================================================================================
[2024-03-28 18:52:32,227] {manager.py:809} INFO - 
================================================================================
DAG File Processing Stats

File Path                          PID    Runtime      # DAGs    # Errors  Last Runtime    Last Run
---------------------------------  -----  ---------  --------  ----------  --------------  -------------------
/app/airflow/dags/airflow_code.py                           1           0  0.48s           2024-03-28T18:52:02
================================================================================
[2024-03-28 18:53:02,769] {manager.py:809} INFO - 
================================================================================
DAG File Processing Stats

File Path                          PID    Runtime      # DAGs    # Errors  Last Runtime    Last Run
---------------------------------  -----  ---------  --------  ----------  --------------  -------------------
/app/airflow/dags/airflow_code.py                           1           0  0.31s           2024-03-28T18:52:32
================================================================================
[2024-03-28 18:53:33,136] {manager.py:809} INFO - 
================================================================================
DAG File Processing Stats

File Path                          PID    Runtime      # DAGs    # Errors  Last Runtime    Last Run
---------------------------------  -----  ---------  --------  ----------  --------------  -------------------
/app/airflow/dags/airflow_code.py                           1           0  0.24s           2024-03-28T18:53:03
================================================================================
[2024-03-28 18:54:03,428] {manager.py:809} INFO - 
================================================================================
DAG File Processing Stats

File Path                          PID    Runtime      # DAGs    # Errors  Last Runtime    Last Run
---------------------------------  -----  ---------  --------  ----------  --------------  -------------------
/app/airflow/dags/airflow_code.py                           1           0  0.25s           2024-03-28T18:53:33
================================================================================
[2024-03-28 18:54:33,744] {manager.py:809} INFO - 
================================================================================
DAG File Processing Stats

File Path                          PID    Runtime      # DAGs    # Errors  Last Runtime    Last Run
---------------------------------  -----  ---------  --------  ----------  --------------  -------------------
/app/airflow/dags/airflow_code.py                           1           0  0.27s           2024-03-28T18:54:03
================================================================================
[2024-03-28 18:55:04,070] {manager.py:809} INFO - 
================================================================================
DAG File Processing Stats

File Path                          PID    Runtime      # DAGs    # Errors  Last Runtime    Last Run
---------------------------------  -----  ---------  --------  ----------  --------------  -------------------
/app/airflow/dags/airflow_code.py                           1           0  0.35s           2024-03-28T18:54:34
================================================================================
[2024-03-28 18:55:34,470] {manager.py:809} INFO - 
================================================================================
DAG File Processing Stats

File Path                          PID    Runtime      # DAGs    # Errors  Last Runtime    Last Run
---------------------------------  -----  ---------  --------  ----------  --------------  -------------------
/app/airflow/dags/airflow_code.py                           1           0  0.24s           2024-03-28T18:55:04
================================================================================
[2024-03-28 18:55:50,742] {manager.py:690} INFO - Searching for files in /app/airflow/dags
[2024-03-28 18:55:50,745] {manager.py:693} INFO - There are 1 files in /app/airflow/dags
[2024-03-28 18:56:04,795] {manager.py:809} INFO - 
================================================================================
DAG File Processing Stats

File Path                          PID    Runtime      # DAGs    # Errors  Last Runtime    Last Run
---------------------------------  -----  ---------  --------  ----------  --------------  -------------------
/app/airflow/dags/airflow_code.py                           1           0  0.29s           2024-03-28T18:55:34
================================================================================
[2024-03-28 18:56:35,125] {manager.py:809} INFO - 
================================================================================
DAG File Processing Stats

File Path                          PID    Runtime      # DAGs    # Errors  Last Runtime    Last Run
---------------------------------  -----  ---------  --------  ----------  --------------  -------------------
/app/airflow/dags/airflow_code.py                           1           0  0.46s           2024-03-28T18:56:05
================================================================================
[2024-03-28 18:57:05,647] {manager.py:809} INFO - 
================================================================================
DAG File Processing Stats

File Path                          PID    Runtime      # DAGs    # Errors  Last Runtime    Last Run
---------------------------------  -----  ---------  --------  ----------  --------------  -------------------
/app/airflow/dags/airflow_code.py                           1           0  0.24s           2024-03-28T18:56:35
================================================================================
[2024-03-28 18:57:35,968] {manager.py:809} INFO - 
================================================================================
DAG File Processing Stats

File Path                          PID    Runtime      # DAGs    # Errors  Last Runtime    Last Run
---------------------------------  -----  ---------  --------  ----------  --------------  -------------------
/app/airflow/dags/airflow_code.py                           1           0  0.32s           2024-03-28T18:57:06
================================================================================
[2024-03-28 18:58:06,381] {manager.py:809} INFO - 
================================================================================
DAG File Processing Stats

File Path                          PID    Runtime      # DAGs    # Errors  Last Runtime    Last Run
---------------------------------  -----  ---------  --------  ----------  --------------  -------------------
/app/airflow/dags/airflow_code.py                           1           0  0.23s           2024-03-28T18:57:36
================================================================================
[2024-03-28 18:58:36,650] {manager.py:809} INFO - 
================================================================================
DAG File Processing Stats

File Path                          PID    Runtime      # DAGs    # Errors  Last Runtime    Last Run
---------------------------------  -----  ---------  --------  ----------  --------------  -------------------
/app/airflow/dags/airflow_code.py                           1           0  0.33s           2024-03-28T18:58:06
================================================================================
[2024-03-28 18:59:07,065] {manager.py:809} INFO - 
================================================================================
DAG File Processing Stats

File Path                          PID    Runtime      # DAGs    # Errors  Last Runtime    Last Run
---------------------------------  -----  ---------  --------  ----------  --------------  -------------------
/app/airflow/dags/airflow_code.py                           1           0  0.32s           2024-03-28T18:58:37
================================================================================
[2024-03-28 18:59:37,441] {manager.py:809} INFO - 
================================================================================
DAG File Processing Stats

File Path                          PID    Runtime      # DAGs    # Errors  Last Runtime    Last Run
---------------------------------  -----  ---------  --------  ----------  --------------  -------------------
/app/airflow/dags/airflow_code.py                           1           0  0.24s           2024-03-28T18:59:07
================================================================================
[2024-03-28 19:00:07,755] {manager.py:809} INFO - 
================================================================================
DAG File Processing Stats

File Path                          PID    Runtime      # DAGs    # Errors  Last Runtime    Last Run
---------------------------------  -----  ---------  --------  ----------  --------------  -------------------
/app/airflow/dags/airflow_code.py                           1           0  0.25s           2024-03-28T18:59:37
================================================================================
[2024-03-28 19:00:38,065] {manager.py:809} INFO - 
================================================================================
DAG File Processing Stats

File Path                          PID    Runtime      # DAGs    # Errors  Last Runtime    Last Run
---------------------------------  -----  ---------  --------  ----------  --------------  -------------------
/app/airflow/dags/airflow_code.py                           1           0  0.35s           2024-03-28T19:00:08
================================================================================
[2024-03-28 19:00:51,473] {manager.py:690} INFO - Searching for files in /app/airflow/dags
[2024-03-28 19:00:51,475] {manager.py:693} INFO - There are 1 files in /app/airflow/dags
[2024-03-28 19:01:08,576] {manager.py:809} INFO - 
================================================================================
DAG File Processing Stats

File Path                          PID    Runtime      # DAGs    # Errors  Last Runtime    Last Run
---------------------------------  -----  ---------  --------  ----------  --------------  -------------------
/app/airflow/dags/airflow_code.py                           1           0  0.31s           2024-03-28T19:00:38
================================================================================
[2024-03-28 19:01:38,850] {manager.py:809} INFO - 
================================================================================
DAG File Processing Stats

File Path                          PID    Runtime      # DAGs    # Errors  Last Runtime    Last Run
---------------------------------  -----  ---------  --------  ----------  --------------  -------------------
/app/airflow/dags/airflow_code.py                           1           0  0.27s           2024-03-28T19:01:09
================================================================================
[2024-03-28 19:02:09,188] {manager.py:809} INFO - 
================================================================================
DAG File Processing Stats

File Path                          PID    Runtime      # DAGs    # Errors  Last Runtime    Last Run
---------------------------------  -----  ---------  --------  ----------  --------------  -------------------
/app/airflow/dags/airflow_code.py                           1           0  0.40s           2024-03-28T19:01:39
================================================================================
[2024-03-28 19:02:39,630] {manager.py:809} INFO - 
================================================================================
DAG File Processing Stats

File Path                          PID    Runtime      # DAGs    # Errors  Last Runtime    Last Run
---------------------------------  -----  ---------  --------  ----------  --------------  -------------------
/app/airflow/dags/airflow_code.py                           1           0  0.32s           2024-03-28T19:02:09
================================================================================
[2024-03-28 19:03:10,005] {manager.py:809} INFO - 
================================================================================
DAG File Processing Stats

File Path                          PID    Runtime      # DAGs    # Errors  Last Runtime    Last Run
---------------------------------  -----  ---------  --------  ----------  --------------  -------------------
/app/airflow/dags/airflow_code.py                           1           0  0.23s           2024-03-28T19:02:40
================================================================================
[2024-03-28 19:03:40,292] {manager.py:809} INFO - 
================================================================================
DAG File Processing Stats

File Path                          PID    Runtime      # DAGs    # Errors  Last Runtime    Last Run
---------------------------------  -----  ---------  --------  ----------  --------------  -------------------
/app/airflow/dags/airflow_code.py                           1           0  0.22s           2024-03-28T19:03:10
================================================================================
[2024-03-28 19:04:10,581] {manager.py:809} INFO - 
================================================================================
DAG File Processing Stats

File Path                          PID    Runtime      # DAGs    # Errors  Last Runtime    Last Run
---------------------------------  -----  ---------  --------  ----------  --------------  -------------------
/app/airflow/dags/airflow_code.py                           1           0  0.28s           2024-03-28T19:03:40
================================================================================
[2024-03-28 19:04:40,928] {manager.py:809} INFO - 
================================================================================
DAG File Processing Stats

File Path                          PID    Runtime      # DAGs    # Errors  Last Runtime    Last Run
---------------------------------  -----  ---------  --------  ----------  --------------  -------------------
/app/airflow/dags/airflow_code.py                           1           0  0.30s           2024-03-28T19:04:11
================================================================================
[2024-03-28 19:04:43,254] {manager.py:462} INFO - Exiting gracefully upon receiving signal 15
[2024-03-28 19:05:56,431] {manager.py:480} INFO - Processing files using up to 2 processes at a time 
[2024-03-28 19:05:56,431] {manager.py:481} INFO - Process each file at most once every 30 seconds
[2024-03-28 19:05:56,431] {manager.py:482} INFO - Checking for new files in /app/airflow/dags every 300 seconds
[2024-03-28 19:05:56,431] {manager.py:690} INFO - Searching for files in /app/airflow/dags
[2024-03-28 19:05:56,449] {manager.py:693} INFO - There are 1 files in /app/airflow/dags
[2024-03-28 19:05:56,981] {manager.py:809} INFO - 
================================================================================
DAG File Processing Stats

File Path                            PID  Runtime      # DAGs    # Errors  Last Runtime    Last Run
---------------------------------  -----  ---------  --------  ----------  --------------  ----------
/app/airflow/dags/airflow_code.py    155  0.22s             0           0
================================================================================
[2024-03-28 19:06:27,056] {manager.py:809} INFO - 
================================================================================
DAG File Processing Stats

File Path                          PID    Runtime      # DAGs    # Errors  Last Runtime    Last Run
---------------------------------  -----  ---------  --------  ----------  --------------  -------------------
/app/airflow/dags/airflow_code.py                           1           0  0.79s           2024-03-28T19:05:57
================================================================================
[2024-03-28 19:06:57,152] {manager.py:809} INFO - 
================================================================================
DAG File Processing Stats

File Path                          PID    Runtime      # DAGs    # Errors  Last Runtime    Last Run
---------------------------------  -----  ---------  --------  ----------  --------------  -------------------
/app/airflow/dags/airflow_code.py                           1           0  0.51s           2024-03-28T19:06:28
================================================================================
[2024-03-28 19:07:27,254] {manager.py:809} INFO - 
================================================================================
DAG File Processing Stats

File Path                          PID    Runtime      # DAGs    # Errors  Last Runtime    Last Run
---------------------------------  -----  ---------  --------  ----------  --------------  -------------------
/app/airflow/dags/airflow_code.py                           1           0  0.26s           2024-03-28T19:06:58
================================================================================
[2024-03-28 19:07:57,545] {manager.py:809} INFO - 
================================================================================
DAG File Processing Stats

File Path                          PID    Runtime      # DAGs    # Errors  Last Runtime    Last Run
---------------------------------  -----  ---------  --------  ----------  --------------  -------------------
/app/airflow/dags/airflow_code.py                           1           0  0.33s           2024-03-28T19:07:28
================================================================================
[2024-03-28 19:08:27,933] {manager.py:809} INFO - 
================================================================================
DAG File Processing Stats

File Path                          PID    Runtime      # DAGs    # Errors  Last Runtime    Last Run
---------------------------------  -----  ---------  --------  ----------  --------------  -------------------
/app/airflow/dags/airflow_code.py                           1           0  0.46s           2024-03-28T19:07:59
================================================================================
[2024-03-28 19:08:58,450] {manager.py:809} INFO - 
================================================================================
DAG File Processing Stats

File Path                          PID    Runtime      # DAGs    # Errors  Last Runtime    Last Run
---------------------------------  -----  ---------  --------  ----------  --------------  -------------------
/app/airflow/dags/airflow_code.py                           1           0  0.32s           2024-03-28T19:08:29
================================================================================
[2024-03-28 19:09:28,848] {manager.py:809} INFO - 
================================================================================
DAG File Processing Stats

File Path                          PID    Runtime      # DAGs    # Errors  Last Runtime    Last Run
---------------------------------  -----  ---------  --------  ----------  --------------  -------------------
/app/airflow/dags/airflow_code.py                           1           0  0.18s           2024-03-28T19:08:59
================================================================================
[2024-03-28 19:09:59,068] {manager.py:809} INFO - 
================================================================================
DAG File Processing Stats

File Path                          PID    Runtime      # DAGs    # Errors  Last Runtime    Last Run
---------------------------------  -----  ---------  --------  ----------  --------------  -------------------
/app/airflow/dags/airflow_code.py                           1           0  0.14s           2024-03-28T19:09:30
================================================================================
[2024-03-28 19:10:29,255] {manager.py:809} INFO - 
================================================================================
DAG File Processing Stats

File Path                          PID    Runtime      # DAGs    # Errors  Last Runtime    Last Run
---------------------------------  -----  ---------  --------  ----------  --------------  -------------------
/app/airflow/dags/airflow_code.py                           1           0  0.25s           2024-03-28T19:10:00
================================================================================
[2024-03-28 19:10:56,550] {manager.py:690} INFO - Searching for files in /app/airflow/dags
[2024-03-28 19:10:56,552] {manager.py:693} INFO - There are 1 files in /app/airflow/dags
[2024-03-28 19:10:59,579] {manager.py:809} INFO - 
================================================================================
DAG File Processing Stats

File Path                          PID    Runtime      # DAGs    # Errors  Last Runtime    Last Run
---------------------------------  -----  ---------  --------  ----------  --------------  -------------------
/app/airflow/dags/airflow_code.py                           1           0  0.24s           2024-03-28T19:10:30
================================================================================
[2024-03-28 19:11:29,854] {manager.py:809} INFO - 
================================================================================
DAG File Processing Stats

File Path                          PID    Runtime      # DAGs    # Errors  Last Runtime    Last Run
---------------------------------  -----  ---------  --------  ----------  --------------  -------------------
/app/airflow/dags/airflow_code.py                           1           0  0.27s           2024-03-28T19:11:01
================================================================================
[2024-03-28 19:12:00,191] {manager.py:809} INFO - 
================================================================================
DAG File Processing Stats

File Path                          PID    Runtime      # DAGs    # Errors  Last Runtime    Last Run
---------------------------------  -----  ---------  --------  ----------  --------------  -------------------
/app/airflow/dags/airflow_code.py                           1           0  0.16s           2024-03-28T19:11:31
================================================================================
[2024-03-28 19:12:30,397] {manager.py:809} INFO - 
================================================================================
DAG File Processing Stats

File Path                          PID    Runtime      # DAGs    # Errors  Last Runtime    Last Run
---------------------------------  -----  ---------  --------  ----------  --------------  -------------------
/app/airflow/dags/airflow_code.py                           1           0  0.20s           2024-03-28T19:12:01
================================================================================
[2024-03-28 19:13:00,646] {manager.py:809} INFO - 
================================================================================
DAG File Processing Stats

File Path                          PID    Runtime      # DAGs    # Errors  Last Runtime    Last Run
---------------------------------  -----  ---------  --------  ----------  --------------  -------------------
/app/airflow/dags/airflow_code.py                           1           0  0.17s           2024-03-28T19:12:31
================================================================================
[2024-03-28 19:13:30,883] {manager.py:809} INFO - 
================================================================================
DAG File Processing Stats

File Path                          PID    Runtime      # DAGs    # Errors  Last Runtime    Last Run
---------------------------------  -----  ---------  --------  ----------  --------------  -------------------
/app/airflow/dags/airflow_code.py                           1           0  0.18s           2024-03-28T19:13:01
================================================================================
[2024-03-28 19:14:01,114] {manager.py:809} INFO - 
================================================================================
DAG File Processing Stats

File Path                          PID    Runtime      # DAGs    # Errors  Last Runtime    Last Run
---------------------------------  -----  ---------  --------  ----------  --------------  -------------------
/app/airflow/dags/airflow_code.py                           1           0  0.22s           2024-03-28T19:13:32
================================================================================
[2024-03-28 19:14:31,214] {manager.py:809} INFO - 
================================================================================
DAG File Processing Stats

File Path                          PID    Runtime      # DAGs    # Errors  Last Runtime    Last Run
---------------------------------  -----  ---------  --------  ----------  --------------  -------------------
/app/airflow/dags/airflow_code.py                           1           0  2.23s           2024-03-28T19:14:04
================================================================================
[2024-03-28 19:15:01,692] {manager.py:809} INFO - 
================================================================================
DAG File Processing Stats

File Path                          PID    Runtime      # DAGs    # Errors  Last Runtime    Last Run
---------------------------------  -----  ---------  --------  ----------  --------------  -------------------
/app/airflow/dags/airflow_code.py                           1           0  0.27s           2024-03-28T19:14:34
================================================================================
[2024-03-28 19:15:32,026] {manager.py:809} INFO - 
================================================================================
DAG File Processing Stats

File Path                          PID    Runtime      # DAGs    # Errors  Last Runtime    Last Run
---------------------------------  -----  ---------  --------  ----------  --------------  -------------------
/app/airflow/dags/airflow_code.py                           1           0  0.43s           2024-03-28T19:15:05
================================================================================
[2024-03-28 19:15:56,656] {manager.py:690} INFO - Searching for files in /app/airflow/dags
[2024-03-28 19:15:56,658] {manager.py:693} INFO - There are 1 files in /app/airflow/dags
[2024-03-28 19:16:02,487] {manager.py:809} INFO - 
================================================================================
DAG File Processing Stats

File Path                          PID    Runtime      # DAGs    # Errors  Last Runtime    Last Run
---------------------------------  -----  ---------  --------  ----------  --------------  -------------------
/app/airflow/dags/airflow_code.py                           1           0  0.20s           2024-03-28T19:15:35
================================================================================
[2024-03-28 19:16:04,061] {manager.py:462} INFO - Exiting gracefully upon receiving signal 15
[2024-03-28T20:27:26.273+0000] {manager.py:469} INFO - Processing files using up to 2 processes at a time 
[2024-03-28T20:27:26.283+0000] {manager.py:470} INFO - Process each file at most once every 30 seconds
[2024-03-28T20:27:26.293+0000] {manager.py:471} INFO - Checking for new files in /app/airflow/dags every 300 seconds
[2024-03-28T20:27:26.295+0000] {manager.py:738} INFO - Searching for files in /app/airflow/dags
[2024-03-28T20:27:26.304+0000] {manager.py:741} INFO - There are 1 files in /app/airflow/dags
[2024-03-28T20:27:26.584+0000] {manager.py:879} INFO - 
================================================================================
DAG File Processing Stats

File Path                            PID  Runtime      # DAGs    # Errors  Last Runtime    Last Run
---------------------------------  -----  ---------  --------  ----------  --------------  ----------
/app/airflow/dags/airflow_code.py    148  0.15s             0           0
================================================================================
[2024-03-28T20:27:56.709+0000] {manager.py:879} INFO - 
================================================================================
DAG File Processing Stats

File Path                          PID    Runtime      # DAGs    # Errors  Last Runtime    Last Run
---------------------------------  -----  ---------  --------  ----------  --------------  -------------------
/app/airflow/dags/airflow_code.py                           1           0  0.52s           2024-03-28T20:27:26
================================================================================
[2024-03-28T20:28:27.205+0000] {manager.py:879} INFO - 
================================================================================
DAG File Processing Stats

File Path                          PID    Runtime      # DAGs    # Errors  Last Runtime    Last Run
---------------------------------  -----  ---------  --------  ----------  --------------  -------------------
/app/airflow/dags/airflow_code.py                           1           0  0.17s           2024-03-28T20:27:57
================================================================================
[2024-03-28T20:28:57.473+0000] {manager.py:879} INFO - 
================================================================================
DAG File Processing Stats

File Path                          PID    Runtime      # DAGs    # Errors  Last Runtime    Last Run
---------------------------------  -----  ---------  --------  ----------  --------------  -------------------
/app/airflow/dags/airflow_code.py                           1           0  0.17s           2024-03-28T20:28:27
================================================================================
[2024-03-28T20:29:27.780+0000] {manager.py:879} INFO - 
================================================================================
DAG File Processing Stats

File Path                            PID  Runtime      # DAGs    # Errors  Last Runtime    Last Run
---------------------------------  -----  ---------  --------  ----------  --------------  -------------------
/app/airflow/dags/airflow_code.py    169  0.01s             1           0  0.14s           2024-03-28T20:28:57
================================================================================
[2024-03-28T20:29:58.021+0000] {manager.py:879} INFO - 
================================================================================
DAG File Processing Stats

File Path                            PID  Runtime      # DAGs    # Errors  Last Runtime    Last Run
---------------------------------  -----  ---------  --------  ----------  --------------  -------------------
/app/airflow/dags/airflow_code.py    174  0.01s             1           0  0.24s           2024-03-28T20:29:28
================================================================================
[2024-03-28T20:30:28.264+0000] {manager.py:879} INFO - 
================================================================================
DAG File Processing Stats

File Path                            PID  Runtime      # DAGs    # Errors  Last Runtime    Last Run
---------------------------------  -----  ---------  --------  ----------  --------------  -------------------
/app/airflow/dags/airflow_code.py    179  0.01s             1           0  0.15s           2024-03-28T20:29:58
================================================================================
[2024-03-28T20:30:58.421+0000] {manager.py:879} INFO - 
================================================================================
DAG File Processing Stats

File Path                            PID  Runtime      # DAGs    # Errors  Last Runtime    Last Run
---------------------------------  -----  ---------  --------  ----------  --------------  -------------------
/app/airflow/dags/airflow_code.py    184  0.01s             1           0  0.14s           2024-03-28T20:30:28
================================================================================
[2024-03-28T20:31:28.659+0000] {manager.py:879} INFO - 
================================================================================
DAG File Processing Stats

File Path                            PID  Runtime      # DAGs    # Errors  Last Runtime    Last Run
---------------------------------  -----  ---------  --------  ----------  --------------  -------------------
/app/airflow/dags/airflow_code.py    189  0.01s             1           0  0.19s           2024-03-28T20:30:58
================================================================================
[2024-03-28T20:31:58.859+0000] {manager.py:879} INFO - 
================================================================================
DAG File Processing Stats

File Path                            PID  Runtime      # DAGs    # Errors  Last Runtime    Last Run
---------------------------------  -----  ---------  --------  ----------  --------------  -------------------
/app/airflow/dags/airflow_code.py    194  0.01s             1           0  0.15s           2024-03-28T20:31:28
================================================================================
[2024-03-28T20:32:27.039+0000] {manager.py:738} INFO - Searching for files in /app/airflow/dags
[2024-03-28T20:32:27.042+0000] {manager.py:741} INFO - There are 1 files in /app/airflow/dags
[2024-03-28T20:32:29.072+0000] {manager.py:879} INFO - 
================================================================================
DAG File Processing Stats

File Path                            PID  Runtime      # DAGs    # Errors  Last Runtime    Last Run
---------------------------------  -----  ---------  --------  ----------  --------------  -------------------
/app/airflow/dags/airflow_code.py    199  0.01s             1           0  0.16s           2024-03-28T20:31:59
================================================================================
[2024-03-28T20:32:59.263+0000] {manager.py:879} INFO - 
================================================================================
DAG File Processing Stats

File Path                            PID  Runtime      # DAGs    # Errors  Last Runtime    Last Run
---------------------------------  -----  ---------  --------  ----------  --------------  -------------------
/app/airflow/dags/airflow_code.py    204  0.01s             1           0  0.16s           2024-03-28T20:32:29
================================================================================
[2024-03-28T20:33:29.494+0000] {manager.py:879} INFO - 
================================================================================
DAG File Processing Stats

File Path                            PID  Runtime      # DAGs    # Errors  Last Runtime    Last Run
---------------------------------  -----  ---------  --------  ----------  --------------  -------------------
/app/airflow/dags/airflow_code.py    209  0.01s             1           0  0.14s           2024-03-28T20:32:59
================================================================================
[2024-03-28T20:33:59.660+0000] {manager.py:879} INFO - 
================================================================================
DAG File Processing Stats

File Path                            PID  Runtime      # DAGs    # Errors  Last Runtime    Last Run
---------------------------------  -----  ---------  --------  ----------  --------------  -------------------
/app/airflow/dags/airflow_code.py    214  0.01s             1           0  0.15s           2024-03-28T20:33:29
================================================================================
[2024-03-28T20:34:29.900+0000] {manager.py:879} INFO - 
================================================================================
DAG File Processing Stats

File Path                            PID  Runtime      # DAGs    # Errors  Last Runtime    Last Run
---------------------------------  -----  ---------  --------  ----------  --------------  -------------------
/app/airflow/dags/airflow_code.py    219  0.01s             1           0  0.16s           2024-03-28T20:33:59
================================================================================
[2024-03-28T20:35:00.065+0000] {manager.py:879} INFO - 
================================================================================
DAG File Processing Stats

File Path                            PID  Runtime      # DAGs    # Errors  Last Runtime    Last Run
---------------------------------  -----  ---------  --------  ----------  --------------  -------------------
/app/airflow/dags/airflow_code.py    224  0.01s             1           0  0.16s           2024-03-28T20:34:30
================================================================================
[2024-03-28T20:35:30.307+0000] {manager.py:879} INFO - 
================================================================================
DAG File Processing Stats

File Path                            PID  Runtime      # DAGs    # Errors  Last Runtime    Last Run
---------------------------------  -----  ---------  --------  ----------  --------------  -------------------
/app/airflow/dags/airflow_code.py    229  0.01s             1           0  0.17s           2024-03-28T20:35:00
================================================================================
[2024-03-28T20:36:00.492+0000] {manager.py:879} INFO - 
================================================================================
DAG File Processing Stats

File Path                            PID  Runtime      # DAGs    # Errors  Last Runtime    Last Run
---------------------------------  -----  ---------  --------  ----------  --------------  -------------------
/app/airflow/dags/airflow_code.py    234  0.01s             1           0  0.14s           2024-03-28T20:35:30
================================================================================
[2024-03-28T20:36:30.721+0000] {manager.py:879} INFO - 
================================================================================
DAG File Processing Stats

File Path                            PID  Runtime      # DAGs    # Errors  Last Runtime    Last Run
---------------------------------  -----  ---------  --------  ----------  --------------  -------------------
/app/airflow/dags/airflow_code.py    239  0.01s             1           0  0.18s           2024-03-28T20:36:00
================================================================================
[2024-03-28T20:37:00.927+0000] {manager.py:879} INFO - 
================================================================================
DAG File Processing Stats

File Path                            PID  Runtime      # DAGs    # Errors  Last Runtime    Last Run
---------------------------------  -----  ---------  --------  ----------  --------------  -------------------
/app/airflow/dags/airflow_code.py    244  0.01s             1           0  0.15s           2024-03-28T20:36:30
================================================================================
[2024-03-28T20:37:27.095+0000] {manager.py:738} INFO - Searching for files in /app/airflow/dags
[2024-03-28T20:37:27.097+0000] {manager.py:741} INFO - There are 1 files in /app/airflow/dags
[2024-03-28T20:37:31.137+0000] {manager.py:879} INFO - 
================================================================================
DAG File Processing Stats

File Path                            PID  Runtime      # DAGs    # Errors  Last Runtime    Last Run
---------------------------------  -----  ---------  --------  ----------  --------------  -------------------
/app/airflow/dags/airflow_code.py    249  0.01s             1           0  0.15s           2024-03-28T20:37:01
================================================================================
[2024-03-28T20:38:01.329+0000] {manager.py:879} INFO - 
================================================================================
DAG File Processing Stats

File Path                            PID  Runtime      # DAGs    # Errors  Last Runtime    Last Run
---------------------------------  -----  ---------  --------  ----------  --------------  -------------------
/app/airflow/dags/airflow_code.py    254  0.01s             1           0  0.16s           2024-03-28T20:37:31
================================================================================
[2024-03-28T20:38:31.550+0000] {manager.py:879} INFO - 
================================================================================
DAG File Processing Stats

File Path                            PID  Runtime      # DAGs    # Errors  Last Runtime    Last Run
---------------------------------  -----  ---------  --------  ----------  --------------  -------------------
/app/airflow/dags/airflow_code.py    259  0.01s             1           0  0.15s           2024-03-28T20:38:01
================================================================================
[2024-03-28T20:39:01.735+0000] {manager.py:879} INFO - 
================================================================================
DAG File Processing Stats

File Path                            PID  Runtime      # DAGs    # Errors  Last Runtime    Last Run
---------------------------------  -----  ---------  --------  ----------  --------------  -------------------
/app/airflow/dags/airflow_code.py    264  0.01s             1           0  0.15s           2024-03-28T20:38:31
================================================================================
[2024-03-28T20:39:31.950+0000] {manager.py:879} INFO - 
================================================================================
DAG File Processing Stats

File Path                            PID  Runtime      # DAGs    # Errors  Last Runtime    Last Run
---------------------------------  -----  ---------  --------  ----------  --------------  -------------------
/app/airflow/dags/airflow_code.py    269  0.01s             1           0  0.16s           2024-03-28T20:39:01
================================================================================
[2024-03-28T20:40:02.144+0000] {manager.py:879} INFO - 
================================================================================
DAG File Processing Stats

File Path                            PID  Runtime      # DAGs    # Errors  Last Runtime    Last Run
---------------------------------  -----  ---------  --------  ----------  --------------  -------------------
/app/airflow/dags/airflow_code.py    274  0.01s             1           0  0.17s           2024-03-28T20:39:32
================================================================================
[2024-03-28T20:40:26.381+0000] {manager.py:451} INFO - Exiting gracefully upon receiving signal 15
[2024-03-30T17:07:19.081+0000] {manager.py:469} INFO - Processing files using up to 2 processes at a time 
[2024-03-30T17:07:19.090+0000] {manager.py:470} INFO - Process each file at most once every 30 seconds
[2024-03-30T17:07:19.090+0000] {manager.py:471} INFO - Checking for new files in /app/airflow/dags every 300 seconds
[2024-03-30T17:07:19.091+0000] {manager.py:738} INFO - Searching for files in /app/airflow/dags
[2024-03-30T17:07:19.094+0000] {manager.py:741} INFO - There are 1 files in /app/airflow/dags
[2024-03-30T17:07:19.265+0000] {manager.py:879} INFO - 
================================================================================
DAG File Processing Stats

File Path                            PID  Runtime      # DAGs    # Errors  Last Runtime    Last Run
---------------------------------  -----  ---------  --------  ----------  --------------  ----------
/app/airflow/dags/airflow_code.py    149  0.09s             0           0
================================================================================
[2024-03-30T17:07:49.407+0000] {manager.py:879} INFO - 
================================================================================
DAG File Processing Stats

File Path                          PID    Runtime      # DAGs    # Errors  Last Runtime    Last Run
---------------------------------  -----  ---------  --------  ----------  --------------  -------------------
/app/airflow/dags/airflow_code.py                           1           0  0.42s           2024-03-30T17:07:19
================================================================================
[2024-03-30T17:08:19.864+0000] {manager.py:879} INFO - 
================================================================================
DAG File Processing Stats

File Path                          PID    Runtime      # DAGs    # Errors  Last Runtime    Last Run
---------------------------------  -----  ---------  --------  ----------  --------------  -------------------
/app/airflow/dags/airflow_code.py                           1           0  0.23s           2024-03-30T17:07:49
================================================================================
[2024-03-30T17:08:50.224+0000] {manager.py:879} INFO - 
================================================================================
DAG File Processing Stats

File Path                            PID  Runtime      # DAGs    # Errors  Last Runtime    Last Run
---------------------------------  -----  ---------  --------  ----------  --------------  -------------------
/app/airflow/dags/airflow_code.py    165  0.01s             1           0  0.14s           2024-03-30T17:08:20
================================================================================
[2024-03-30T17:09:20.464+0000] {manager.py:879} INFO - 
================================================================================
DAG File Processing Stats

File Path                            PID  Runtime      # DAGs    # Errors  Last Runtime    Last Run
---------------------------------  -----  ---------  --------  ----------  --------------  -------------------
/app/airflow/dags/airflow_code.py    194  0.01s             1           0  0.16s           2024-03-30T17:08:50
================================================================================
[2024-03-30T17:09:50.640+0000] {manager.py:879} INFO - 
================================================================================
DAG File Processing Stats

File Path                            PID  Runtime      # DAGs    # Errors  Last Runtime    Last Run
---------------------------------  -----  ---------  --------  ----------  --------------  -------------------
/app/airflow/dags/airflow_code.py    199  0.01s             1           0  0.17s           2024-03-30T17:09:20
================================================================================
[2024-03-30T17:10:20.907+0000] {manager.py:879} INFO - 
================================================================================
DAG File Processing Stats

File Path                            PID  Runtime      # DAGs    # Errors  Last Runtime    Last Run
---------------------------------  -----  ---------  --------  ----------  --------------  -------------------
/app/airflow/dags/airflow_code.py    204  0.01s             1           0  0.16s           2024-03-30T17:09:50
================================================================================
[2024-03-30T17:10:51.071+0000] {manager.py:879} INFO - 
================================================================================
DAG File Processing Stats

File Path                            PID  Runtime      # DAGs    # Errors  Last Runtime    Last Run
---------------------------------  -----  ---------  --------  ----------  --------------  -------------------
/app/airflow/dags/airflow_code.py    209  0.01s             1           0  0.16s           2024-03-30T17:10:21
================================================================================
[2024-03-30T17:11:21.329+0000] {manager.py:879} INFO - 
================================================================================
DAG File Processing Stats

File Path                            PID  Runtime      # DAGs    # Errors  Last Runtime    Last Run
---------------------------------  -----  ---------  --------  ----------  --------------  -------------------
/app/airflow/dags/airflow_code.py    214  0.01s             1           0  0.14s           2024-03-30T17:10:51
================================================================================
[2024-03-30T17:11:51.499+0000] {manager.py:879} INFO - 
================================================================================
DAG File Processing Stats

File Path                          PID    Runtime      # DAGs    # Errors  Last Runtime    Last Run
---------------------------------  -----  ---------  --------  ----------  --------------  -------------------
/app/airflow/dags/airflow_code.py                           1           0  0.19s           2024-03-30T17:11:21
================================================================================
[2024-03-30T17:12:19.760+0000] {manager.py:738} INFO - Searching for files in /app/airflow/dags
[2024-03-30T17:12:19.762+0000] {manager.py:741} INFO - There are 1 files in /app/airflow/dags
[2024-03-30T17:12:21.808+0000] {manager.py:879} INFO - 
================================================================================
DAG File Processing Stats

File Path                            PID  Runtime      # DAGs    # Errors  Last Runtime    Last Run
---------------------------------  -----  ---------  --------  ----------  --------------  -------------------
/app/airflow/dags/airflow_code.py    224  0.01s             1           0  0.15s           2024-03-30T17:11:51
================================================================================
[2024-03-30T17:12:52.043+0000] {manager.py:879} INFO - 
================================================================================
DAG File Processing Stats

File Path                            PID  Runtime      # DAGs    # Errors  Last Runtime    Last Run
---------------------------------  -----  ---------  --------  ----------  --------------  -------------------
/app/airflow/dags/airflow_code.py    229  0.01s             1           0  0.14s           2024-03-30T17:12:21
================================================================================
[2024-03-30T17:13:22.207+0000] {manager.py:879} INFO - 
================================================================================
DAG File Processing Stats

File Path                            PID  Runtime      # DAGs    # Errors  Last Runtime    Last Run
---------------------------------  -----  ---------  --------  ----------  --------------  -------------------
/app/airflow/dags/airflow_code.py    234  0.01s             1           0  0.14s           2024-03-30T17:12:52
================================================================================
[2024-03-30T17:13:52.430+0000] {manager.py:879} INFO - 
================================================================================
DAG File Processing Stats

File Path                            PID  Runtime      # DAGs    # Errors  Last Runtime    Last Run
---------------------------------  -----  ---------  --------  ----------  --------------  -------------------
/app/airflow/dags/airflow_code.py    239  0.01s             1           0  0.17s           2024-03-30T17:13:22
================================================================================
[2024-03-30T17:14:22.623+0000] {manager.py:879} INFO - 
================================================================================
DAG File Processing Stats

File Path                            PID  Runtime      # DAGs    # Errors  Last Runtime    Last Run
---------------------------------  -----  ---------  --------  ----------  --------------  -------------------
/app/airflow/dags/airflow_code.py    244  0.01s             1           0  0.14s           2024-03-30T17:13:52
================================================================================
[2024-03-30T17:14:52.826+0000] {manager.py:879} INFO - 
================================================================================
DAG File Processing Stats

File Path                            PID  Runtime      # DAGs    # Errors  Last Runtime    Last Run
---------------------------------  -----  ---------  --------  ----------  --------------  -------------------
/app/airflow/dags/airflow_code.py    249  0.01s             1           0  0.14s           2024-03-30T17:14:22
================================================================================
[2024-03-30T17:15:23.020+0000] {manager.py:879} INFO - 
================================================================================
DAG File Processing Stats

File Path                            PID  Runtime      # DAGs    # Errors  Last Runtime    Last Run
---------------------------------  -----  ---------  --------  ----------  --------------  -------------------
/app/airflow/dags/airflow_code.py    254  0.01s             1           0  0.14s           2024-03-30T17:14:52
================================================================================
[2024-03-30T17:15:53.216+0000] {manager.py:879} INFO - 
================================================================================
DAG File Processing Stats

File Path                            PID  Runtime      # DAGs    # Errors  Last Runtime    Last Run
---------------------------------  -----  ---------  --------  ----------  --------------  -------------------
/app/airflow/dags/airflow_code.py    259  0.01s             1           0  0.16s           2024-03-30T17:15:23
================================================================================
[2024-03-30T17:16:23.435+0000] {manager.py:879} INFO - 
================================================================================
DAG File Processing Stats

File Path                            PID  Runtime      # DAGs    # Errors  Last Runtime    Last Run
---------------------------------  -----  ---------  --------  ----------  --------------  -------------------
/app/airflow/dags/airflow_code.py    264  0.01s             1           0  0.15s           2024-03-30T17:15:53
================================================================================
[2024-03-30T17:16:53.617+0000] {manager.py:879} INFO - 
================================================================================
DAG File Processing Stats

File Path                            PID  Runtime      # DAGs    # Errors  Last Runtime    Last Run
---------------------------------  -----  ---------  --------  ----------  --------------  -------------------
/app/airflow/dags/airflow_code.py    269  0.01s             1           0  0.17s           2024-03-30T17:16:23
================================================================================
[2024-03-30T17:17:19.833+0000] {manager.py:738} INFO - Searching for files in /app/airflow/dags
[2024-03-30T17:17:19.835+0000] {manager.py:741} INFO - There are 1 files in /app/airflow/dags
[2024-03-30T17:17:23.879+0000] {manager.py:879} INFO - 
================================================================================
DAG File Processing Stats

File Path                            PID  Runtime      # DAGs    # Errors  Last Runtime    Last Run
---------------------------------  -----  ---------  --------  ----------  --------------  -------------------
/app/airflow/dags/airflow_code.py    274  0.01s             1           0  0.18s           2024-03-30T17:16:53
================================================================================
[2024-03-30T17:17:54.049+0000] {manager.py:879} INFO - 
================================================================================
DAG File Processing Stats

File Path                            PID  Runtime      # DAGs    # Errors  Last Runtime    Last Run
---------------------------------  -----  ---------  --------  ----------  --------------  -------------------
/app/airflow/dags/airflow_code.py    279  0.01s             1           0  0.15s           2024-03-30T17:17:24
================================================================================
[2024-03-30T17:18:24.282+0000] {manager.py:879} INFO - 
================================================================================
DAG File Processing Stats

File Path                            PID  Runtime      # DAGs    # Errors  Last Runtime    Last Run
---------------------------------  -----  ---------  --------  ----------  --------------  -------------------
/app/airflow/dags/airflow_code.py    284  0.01s             1           0  0.14s           2024-03-30T17:17:54
================================================================================
[2024-03-30T17:18:54.449+0000] {manager.py:879} INFO - 
================================================================================
DAG File Processing Stats

File Path                            PID  Runtime      # DAGs    # Errors  Last Runtime    Last Run
---------------------------------  -----  ---------  --------  ----------  --------------  -------------------
/app/airflow/dags/airflow_code.py    289  0.01s             1           0  0.15s           2024-03-30T17:18:24
================================================================================
[2024-03-30T17:19:24.695+0000] {manager.py:879} INFO - 
================================================================================
DAG File Processing Stats

File Path                            PID  Runtime      # DAGs    # Errors  Last Runtime    Last Run
---------------------------------  -----  ---------  --------  ----------  --------------  -------------------
/app/airflow/dags/airflow_code.py    294  0.01s             1           0  0.17s           2024-03-30T17:18:54
================================================================================
[2024-03-30T17:19:54.870+0000] {manager.py:879} INFO - 
================================================================================
DAG File Processing Stats

File Path                            PID  Runtime      # DAGs    # Errors  Last Runtime    Last Run
---------------------------------  -----  ---------  --------  ----------  --------------  -------------------
/app/airflow/dags/airflow_code.py    299  0.01s             1           0  0.15s           2024-03-30T17:19:24
================================================================================
[2024-03-30T17:20:25.108+0000] {manager.py:879} INFO - 
================================================================================
DAG File Processing Stats

File Path                            PID  Runtime      # DAGs    # Errors  Last Runtime    Last Run
---------------------------------  -----  ---------  --------  ----------  --------------  -------------------
/app/airflow/dags/airflow_code.py    304  0.01s             1           0  0.17s           2024-03-30T17:19:55
================================================================================
[2024-03-30T17:20:55.299+0000] {manager.py:879} INFO - 
================================================================================
DAG File Processing Stats

File Path                            PID  Runtime      # DAGs    # Errors  Last Runtime    Last Run
---------------------------------  -----  ---------  --------  ----------  --------------  -------------------
/app/airflow/dags/airflow_code.py    309  0.01s             1           0  0.14s           2024-03-30T17:20:25
================================================================================
[2024-03-30T17:21:25.500+0000] {manager.py:879} INFO - 
================================================================================
DAG File Processing Stats

File Path                            PID  Runtime      # DAGs    # Errors  Last Runtime    Last Run
---------------------------------  -----  ---------  --------  ----------  --------------  -------------------
/app/airflow/dags/airflow_code.py    314  0.01s             1           0  0.14s           2024-03-30T17:20:55
================================================================================
[2024-03-30T17:21:55.705+0000] {manager.py:879} INFO - 
================================================================================
DAG File Processing Stats

File Path                            PID  Runtime      # DAGs    # Errors  Last Runtime    Last Run
---------------------------------  -----  ---------  --------  ----------  --------------  -------------------
/app/airflow/dags/airflow_code.py    319  0.01s             1           0  0.14s           2024-03-30T17:21:25
================================================================================
[2024-03-30T17:22:19.870+0000] {manager.py:738} INFO - Searching for files in /app/airflow/dags
[2024-03-30T17:22:19.873+0000] {manager.py:741} INFO - There are 1 files in /app/airflow/dags
[2024-03-30T17:22:25.919+0000] {manager.py:879} INFO - 
================================================================================
DAG File Processing Stats

File Path                          PID    Runtime      # DAGs    # Errors  Last Runtime    Last Run
---------------------------------  -----  ---------  --------  ----------  --------------  -------------------
/app/airflow/dags/airflow_code.py                           1           0  0.28s           2024-03-30T17:21:55
================================================================================
[2024-03-30T17:22:37.292+0000] {manager.py:451} INFO - Exiting gracefully upon receiving signal 15
